<?xml version="1.0" encoding="UTF-8"?>
<!-- Generated by org.testng.reporters.JUnitReportReporter -->
<testsuite hostname="Rushikesh" failures="0" tests="1" name="TestLayer.RegisterPageTest" time="2.159" errors="0" timestamp="2023-12-22T15:36:35 IST" skipped="0">
  <testcase classname="TestLayer.RegisterPageTest" name="ValidateTest" time="2.159"/>
  <system-out/>
</testsuite> <!-- TestLayer.RegisterPageTest -->
